INFO: [VRFC 10-2263] Analyzing Verilog file "C:/Github/jpeg_decoder/jpeg_decoder/jpeg_decoder.srcs/sources_1/imports/src_v/jpeg_bitbuffer.v" into library xil_defaultlib
INFO: [VRFC 10-311] analyzing module jpeg_bitbuffer
INFO: [VRFC 10-2263] Analyzing Verilog file "C:/Github/jpeg_decoder/jpeg_decoder/jpeg_decoder.srcs/sources_1/imports/src_v/jpeg_core.v" into library xil_defaultlib
INFO: [VRFC 10-311] analyzing module jpeg_core
INFO: [VRFC 10-2263] Analyzing Verilog file "C:/Github/jpeg_decoder/jpeg_decoder/jpeg_decoder.srcs/sources_1/imports/src_v/jpeg_dht.v" into library xil_defaultlib
INFO: [VRFC 10-311] analyzing module jpeg_dht
WARNING: [VRFC 10-3380] identifier 'total_entries_q' is used before its declaration [C:/Github/jpeg_decoder/jpeg_decoder/jpeg_decoder.srcs/sources_1/imports/src_v/jpeg_dht.v:89]
INFO: [VRFC 10-2263] Analyzing Verilog file "C:/Github/jpeg_decoder/jpeg_decoder/jpeg_decoder.srcs/sources_1/imports/src_v/jpeg_dht_std_cx_ac.v" into library xil_defaultlib
INFO: [VRFC 10-311] analyzing module jpeg_dht_std_cx_ac
INFO: [VRFC 10-2263] Analyzing Verilog file "C:/Github/jpeg_decoder/jpeg_decoder/jpeg_decoder.srcs/sources_1/imports/src_v/jpeg_dht_std_cx_dc.v" into library xil_defaultlib
INFO: [VRFC 10-311] analyzing module jpeg_dht_std_cx_dc
INFO: [VRFC 10-2263] Analyzing Verilog file "C:/Github/jpeg_decoder/jpeg_decoder/jpeg_decoder.srcs/sources_1/imports/src_v/jpeg_dht_std_y_ac.v" into library xil_defaultlib
INFO: [VRFC 10-311] analyzing module jpeg_dht_std_y_ac
INFO: [VRFC 10-2263] Analyzing Verilog file "C:/Github/jpeg_decoder/jpeg_decoder/jpeg_decoder.srcs/sources_1/imports/src_v/jpeg_dht_std_y_dc.v" into library xil_defaultlib
INFO: [VRFC 10-311] analyzing module jpeg_dht_std_y_dc
INFO: [VRFC 10-2263] Analyzing Verilog file "C:/Github/jpeg_decoder/jpeg_decoder/jpeg_decoder.srcs/sources_1/imports/src_v/jpeg_dqt.v" into library xil_defaultlib
INFO: [VRFC 10-311] analyzing module jpeg_dqt
INFO: [VRFC 10-2263] Analyzing Verilog file "C:/Github/jpeg_decoder/jpeg_decoder/jpeg_decoder.srcs/sources_1/imports/src_v/jpeg_idct.v" into library xil_defaultlib
INFO: [VRFC 10-311] analyzing module jpeg_idct
INFO: [VRFC 10-2263] Analyzing Verilog file "C:/Github/jpeg_decoder/jpeg_decoder/jpeg_decoder.srcs/sources_1/imports/src_v/jpeg_idct_fifo.v" into library xil_defaultlib
INFO: [VRFC 10-311] analyzing module jpeg_idct_fifo
INFO: [VRFC 10-2263] Analyzing Verilog file "C:/Github/jpeg_decoder/jpeg_decoder/jpeg_decoder.srcs/sources_1/imports/src_v/jpeg_idct_ram.v" into library xil_defaultlib
INFO: [VRFC 10-311] analyzing module jpeg_idct_ram
INFO: [VRFC 10-2263] Analyzing Verilog file "C:/Github/jpeg_decoder/jpeg_decoder/jpeg_decoder.srcs/sources_1/imports/src_v/jpeg_idct_ram_dp.v" into library xil_defaultlib
INFO: [VRFC 10-311] analyzing module jpeg_idct_ram_dp
INFO: [VRFC 10-2263] Analyzing Verilog file "C:/Github/jpeg_decoder/jpeg_decoder/jpeg_decoder.srcs/sources_1/imports/src_v/jpeg_idct_transpose.v" into library xil_defaultlib
INFO: [VRFC 10-311] analyzing module jpeg_idct_transpose
INFO: [VRFC 10-2263] Analyzing Verilog file "C:/Github/jpeg_decoder/jpeg_decoder/jpeg_decoder.srcs/sources_1/imports/src_v/jpeg_idct_transpose_ram.v" into library xil_defaultlib
INFO: [VRFC 10-311] analyzing module jpeg_idct_transpose_ram
INFO: [VRFC 10-2263] Analyzing Verilog file "C:/Github/jpeg_decoder/jpeg_decoder/jpeg_decoder.srcs/sources_1/imports/src_v/jpeg_idct_x.v" into library xil_defaultlib
INFO: [VRFC 10-311] analyzing module jpeg_idct_x
INFO: [VRFC 10-2263] Analyzing Verilog file "C:/Github/jpeg_decoder/jpeg_decoder/jpeg_decoder.srcs/sources_1/imports/src_v/jpeg_idct_y.v" into library xil_defaultlib
INFO: [VRFC 10-311] analyzing module jpeg_idct_y
INFO: [VRFC 10-2263] Analyzing Verilog file "C:/Github/jpeg_decoder/jpeg_decoder/jpeg_decoder.srcs/sources_1/imports/src_v/jpeg_input.v" into library xil_defaultlib
INFO: [VRFC 10-311] analyzing module jpeg_input
INFO: [VRFC 10-2263] Analyzing Verilog file "C:/Github/jpeg_decoder/jpeg_decoder/jpeg_decoder.srcs/sources_1/imports/src_v/jpeg_mcu_id.v" into library xil_defaultlib
INFO: [VRFC 10-311] analyzing module jpeg_mcu_id
INFO: [VRFC 10-2263] Analyzing Verilog file "C:/Github/jpeg_decoder/jpeg_decoder/jpeg_decoder.srcs/sources_1/imports/src_v/jpeg_mcu_proc.v" into library xil_defaultlib
INFO: [VRFC 10-311] analyzing module jpeg_mcu_proc
INFO: [VRFC 10-2263] Analyzing Verilog file "C:/Github/jpeg_decoder/jpeg_decoder/jpeg_decoder.srcs/sources_1/imports/src_v/jpeg_output.v" into library xil_defaultlib
INFO: [VRFC 10-311] analyzing module jpeg_output
INFO: [VRFC 10-2263] Analyzing Verilog file "C:/Github/jpeg_decoder/jpeg_decoder/jpeg_decoder.srcs/sources_1/imports/src_v/jpeg_output_cx_ram.v" into library xil_defaultlib
INFO: [VRFC 10-311] analyzing module jpeg_output_cx_ram
INFO: [VRFC 10-311] analyzing module jpeg_output_cx_ram_ram_dp_256_8
INFO: [VRFC 10-2263] Analyzing Verilog file "C:/Github/jpeg_decoder/jpeg_decoder/jpeg_decoder.srcs/sources_1/imports/src_v/jpeg_output_fifo.v" into library xil_defaultlib
INFO: [VRFC 10-311] analyzing module jpeg_output_fifo
INFO: [VRFC 10-2263] Analyzing Verilog file "C:/Github/jpeg_decoder/jpeg_decoder/jpeg_decoder.srcs/sources_1/imports/src_v/jpeg_output_y_ram.v" into library xil_defaultlib
INFO: [VRFC 10-311] analyzing module jpeg_output_y_ram
INFO: [VRFC 10-311] analyzing module jpeg_output_y_ram_ram_dp_512_9
INFO: [VRFC 10-2263] Analyzing Verilog file "C:/Github/jpeg_decoder/jpeg_decoder/jpeg_decoder.srcs/sim_1/new/sim_top.v" into library xil_defaultlib
INFO: [VRFC 10-311] analyzing module sim_top
